<?xml version="1.0" encoding="UTF-8"?>
<!-- Generated by org.testng.reporters.JUnitReportReporter -->
<testsuite hostname="Sathishkumar" failures="0" tests="6" name="TestRunner.EMITestRunner" time="66.127" errors="0" timestamp="2024-04-12T22:45:09 PDT" skipped="0">
  <testcase classname="TestRunner.EMITestRunner" name="emptyFields" time="14.671"/>
  <system-out/>
  <testcase classname="TestRunner.EMITestRunner" name="emiCalculation" time="10.222"/>
  <system-out/>
  <testcase classname="TestRunner.EMITestRunner" name="emiCalculation" time="10.391"/>
  <system-out/>
  <testcase classname="TestRunner.EMITestRunner" name="emiCalculation" time="10.549"/>
  <system-out/>
  <testcase classname="TestRunner.EMITestRunner" name="emiCalculation" time="10.201"/>
  <system-out/>
  <testcase classname="TestRunner.EMITestRunner" name="emiCalculation" time="10.093"/>
  <system-out/>
</testsuite> <!-- TestRunner.EMITestRunner -->
